<?xml version="1.0" encoding="UTF-8"?>
<!-- Generated by org.testng.reporters.JUnitReportReporter -->
<testsuite hostname="DESKTOP-1QBSVOI" failures="0" tests="6" name="com.apex.mavenproject.CustomerGETAPITestng" time="5.582" errors="1" timestamp="2022-07-26T19:30:20 PDT" skipped="0">
  <testcase classname="com.apex.mavenproject.CustomerGETAPITestng" name="testWithCorrecID" time="1.619"/>
  <system-out/>
  <testcase classname="com.apex.mavenproject.CustomerGETAPITestng" name="testWithBlankValue_Incomplete" time="0.005">
    <error message="Illegal character in path at index 37: https://gorest.co.in/public/v2/users/ " type="java.lang.IllegalArgumentException">
      <![CDATA[java.lang.IllegalArgumentException: Illegal character in path at index 37: https://gorest.co.in/public/v2/users/ 
at java.base/java.net.URI.create(URI.java:906)
at org.apache.http.client.methods.HttpGet.<init>(HttpGet.java:66)
at com.apex.mavenproject.CustomerGETAPITestng.sendAndReceiveHTTPGetMSG(CustomerGETAPITestng.java:57)
at com.apex.mavenproject.CustomerGETAPITestng.testWithBlankValue_Incomplete(CustomerGETAPITestng.java:90)
at java.base/jdk.internal.reflect.NativeMethodAccessorImpl.invoke0(Native Method)
at java.base/jdk.internal.reflect.NativeMethodAccessorImpl.invoke(NativeMethodAccessorImpl.java:77)
at java.base/jdk.internal.reflect.DelegatingMethodAccessorImpl.invoke(DelegatingMethodAccessorImpl.java:43)
at java.base/java.lang.reflect.Method.invoke(Method.java:568)
at org.testng.internal.MethodInvocationHelper.invokeMethod(MethodInvocationHelper.java:133)
at org.testng.internal.TestInvoker.invokeMethod(TestInvoker.java:598)
at org.testng.internal.TestInvoker.invokeTestMethod(TestInvoker.java:173)
at org.testng.internal.MethodRunner.runInSequence(MethodRunner.java:46)
at org.testng.internal.TestInvoker$MethodInvocationAgent.invoke(TestInvoker.java:824)
at org.testng.internal.TestInvoker.invokeTestMethods(TestInvoker.java:146)
at org.testng.internal.TestMethodWorker.invokeTestMethods(TestMethodWorker.java:146)
at org.testng.internal.TestMethodWorker.run(TestMethodWorker.java:128)
at java.base/java.util.ArrayList.forEach(ArrayList.java:1511)
at org.testng.TestRunner.privateRun(TestRunner.java:794)
at org.testng.TestRunner.run(TestRunner.java:596)
at org.testng.SuiteRunner.runTest(SuiteRunner.java:377)
at org.testng.SuiteRunner.runSequentially(SuiteRunner.java:371)
at org.testng.SuiteRunner.privateRun(SuiteRunner.java:332)
at org.testng.SuiteRunner.run(SuiteRunner.java:276)
at org.testng.SuiteRunnerWorker.runSuite(SuiteRunnerWorker.java:53)
at org.testng.SuiteRunnerWorker.run(SuiteRunnerWorker.java:96)
at org.testng.TestNG.runSuitesSequentially(TestNG.java:1212)
at org.testng.TestNG.runSuitesLocally(TestNG.java:1134)
at org.testng.TestNG.runSuites(TestNG.java:1063)
at org.testng.TestNG.run(TestNG.java:1031)
at org.testng.remote.AbstractRemoteTestNG.run(AbstractRemoteTestNG.java:115)
at org.testng.remote.RemoteTestNG.initAndRun(RemoteTestNG.java:251)
at org.testng.remote.RemoteTestNG.main(RemoteTestNG.java:77)
Caused by: java.net.URISyntaxException: Illegal character in path at index 37: https://gorest.co.in/public/v2/users/ 
at java.base/java.net.URI$Parser.fail(URI.java:2974)
at java.base/java.net.URI$Parser.checkChars(URI.java:3145)
at java.base/java.net.URI$Parser.parseHierarchical(URI.java:3227)
at java.base/java.net.URI$Parser.parse(URI.java:3175)
at java.base/java.net.URI.<init>(URI.java:623)
at java.base/java.net.URI.create(URI.java:904)
... 31 more
]]>
    </error>
  </testcase> <!-- testWithBlankValue_Incomplete -->
  <system-out/>
  <testcase classname="com.apex.mavenproject.CustomerGETAPITestng" name="testWithCorrectData" time="0.980"/>
  <system-out/>
  <testcase classname="com.apex.mavenproject.CustomerGETAPITestng" name="testWithCharacters" time="0.953"/>
  <system-out/>
  <testcase classname="com.apex.mavenproject.CustomerGETAPITestng" name="testWithNegativeNumbers" time="1.121"/>
  <system-out/>
  <testcase classname="com.apex.mavenproject.CustomerGETAPITestng" name="testWithLongNumbers" time="0.904"/>
  <system-out/>
</testsuite> <!-- com.apex.mavenproject.CustomerGETAPITestng -->
